{
  "RSpec": {
    "coverage": {
      "/home/developer/Documents/b/shoping/app/controllers/products_controller.rb": {
        "lines": [
          1,
          1,
          1,
          1,
          null,
          1,
          0,
          null,
          0,
          null,
          null,
          null,
          null,
          null,
          null,
          1,
          0,
          0,
          0,
          null,
          null,
          null,
          1,
          null,
          0,
          null,
          null,
          1,
          null,
          0,
          0,
          0,
          null,
          0,
          null,
          null,
          null,
          1,
          null,
          null,
          1,
          0,
          0,
          null,
          0,
          null,
          null,
          null,
          1,
          0,
          0,
          0,
          0,
          null,
          0,
          null,
          null,
          null,
          null,
          1,
          null,
          1,
          null,
          0,
          null,
          null,
          1,
          0,
          null,
          1,
          0,
          null,
          null
        ]
      },
      "/home/developer/Documents/b/shoping/app/controllers/application_controller.rb": {
        "lines": [
          1,
          1,
          null,
          1,
          1,
          1,
          0,
          null,
          null,
          1,
          null,
          null,
          1,
          0,
          0,
          null,
          null,
          null
        ]
      },
      "/home/developer/Documents/b/shoping/app/models/user.rb": {
        "lines": [
          1,
          null,
          1,
          null,
          null,
          1,
          1,
          1,
          null,
          null,
          null,
          1,
          1,
          null,
          1,
          null,
          1,
          null,
          1,
          9,
          null,
          null
        ]
      },
      "/home/developer/Documents/b/shoping/app/models/application_record.rb": {
        "lines": [
          1,
          1,
          null
        ]
      },
      "/home/developer/Documents/b/shoping/app/models/cart.rb": {
        "lines": [
          1,
          1,
          1,
          1,
          null,
          1,
          0,
          null,
          0,
          0,
          null,
          0,
          null,
          null,
          null,
          1,
          0,
          0,
          null,
          null,
          1,
          0,
          0,
          null,
          null
        ]
      }
    },
    "timestamp": 1739342125
  }
}
